0 info it worked if it ends with ok
1 verbose cli [ 'C:\\Program Files\\nodejs\\node.exe',
1 verbose cli   'C:\\Program Files\\nodejs\\node_modules\\npm\\bin\\npm-cli.js',
1 verbose cli   'start' ]
2 info using npm@3.10.10
3 info using node@v6.11.3
4 verbose run-script [ 'prestart', 'start', 'poststart' ]
5 info lifecycle nodejs-chat@1.0.0~prestart: nodejs-chat@1.0.0
6 verbose lifecycle nodejs-chat@1.0.0~prestart: unsafe-perm in lifecycle true
7 verbose lifecycle nodejs-chat@1.0.0~prestart: PATH: C:\Program Files\nodejs\node_modules\npm\bin\node-gyp-bin;C:\Users\Tymoteusz\desktop\nodejs-chat\node_modules\.bin;C:\Users\Tymoteusz\bin;C:\Program Files\Git\mingw64\bin;C:\Program Files\Git\usr\local\bin;C:\Program Files\Git\usr\bin;C:\Program Files\Git\usr\bin;C:\Program Files\Git\mingw64\bin;C:\Program Files\Git\usr\bin;C:\Users\Tymoteusz\bin;C:\Windows\system32;C:\Windows;C:\Windows\System32\Wbem;C:\Windows\System32\WindowsPowerShell\v1.0;C:\Program Files (x86)\Common Files\lenovo\easyplussdk\bin;C:\Program Files (x86)\NVIDIA Corporation\PhysX\Common;C:\Program Files\Intel\WiFi\bin;C:\Program Files\Common Files\Intel\WirelessCommon;C:\WINDOWS\system32;C:\WINDOWS;C:\WINDOWS\System32\Wbem;C:\WINDOWS\System32\WindowsPowerShell\v1.0;C:\Program Files\Git\cmd;C:\Program Files\nodejs;C:\Users\Tymoteusz\AppData\Local\Microsoft\WindowsApps;C:\Program Files\android-sdk-windows\platform-tools;C:\Users\Tymoteusz\AppData\Local\atom\bin;C:\Users\Tymoteusz\AppData\Roaming\npm;C:\Program Files\Git\usr\bin\vendor_perl;C:\Program Files\Git\usr\bin\core_perl
8 verbose lifecycle nodejs-chat@1.0.0~prestart: CWD: C:\Users\Tymoteusz\desktop\nodejs-chat
9 silly lifecycle nodejs-chat@1.0.0~prestart: Args: [ '/d /s /c', 'webpack' ]
10 silly lifecycle nodejs-chat@1.0.0~prestart: Returned: code: 0  signal: null
11 info lifecycle nodejs-chat@1.0.0~start: nodejs-chat@1.0.0
12 verbose lifecycle nodejs-chat@1.0.0~start: unsafe-perm in lifecycle true
13 verbose lifecycle nodejs-chat@1.0.0~start: PATH: C:\Program Files\nodejs\node_modules\npm\bin\node-gyp-bin;C:\Users\Tymoteusz\desktop\nodejs-chat\node_modules\.bin;C:\Users\Tymoteusz\bin;C:\Program Files\Git\mingw64\bin;C:\Program Files\Git\usr\local\bin;C:\Program Files\Git\usr\bin;C:\Program Files\Git\usr\bin;C:\Program Files\Git\mingw64\bin;C:\Program Files\Git\usr\bin;C:\Users\Tymoteusz\bin;C:\Windows\system32;C:\Windows;C:\Windows\System32\Wbem;C:\Windows\System32\WindowsPowerShell\v1.0;C:\Program Files (x86)\Common Files\lenovo\easyplussdk\bin;C:\Program Files (x86)\NVIDIA Corporation\PhysX\Common;C:\Program Files\Intel\WiFi\bin;C:\Program Files\Common Files\Intel\WirelessCommon;C:\WINDOWS\system32;C:\WINDOWS;C:\WINDOWS\System32\Wbem;C:\WINDOWS\System32\WindowsPowerShell\v1.0;C:\Program Files\Git\cmd;C:\Program Files\nodejs;C:\Users\Tymoteusz\AppData\Local\Microsoft\WindowsApps;C:\Program Files\android-sdk-windows\platform-tools;C:\Users\Tymoteusz\AppData\Local\atom\bin;C:\Users\Tymoteusz\AppData\Roaming\npm;C:\Program Files\Git\usr\bin\vendor_perl;C:\Program Files\Git\usr\bin\core_perl
14 verbose lifecycle nodejs-chat@1.0.0~start: CWD: C:\Users\Tymoteusz\desktop\nodejs-chat
15 silly lifecycle nodejs-chat@1.0.0~start: Args: [ '/d /s /c', 'node server.js' ]
16 silly lifecycle nodejs-chat@1.0.0~start: Returned: code: 1  signal: null
17 info lifecycle nodejs-chat@1.0.0~start: Failed to exec start script
18 verbose stack Error: nodejs-chat@1.0.0 start: `node server.js`
18 verbose stack Exit status 1
18 verbose stack     at EventEmitter.<anonymous> (C:\Program Files\nodejs\node_modules\npm\lib\utils\lifecycle.js:255:16)
18 verbose stack     at emitTwo (events.js:106:13)
18 verbose stack     at EventEmitter.emit (events.js:191:7)
18 verbose stack     at ChildProcess.<anonymous> (C:\Program Files\nodejs\node_modules\npm\lib\utils\spawn.js:40:14)
18 verbose stack     at emitTwo (events.js:106:13)
18 verbose stack     at ChildProcess.emit (events.js:191:7)
18 verbose stack     at maybeClose (internal/child_process.js:920:16)
18 verbose stack     at Process.ChildProcess._handle.onexit (internal/child_process.js:230:5)
19 verbose pkgid nodejs-chat@1.0.0
20 verbose cwd C:\Users\Tymoteusz\desktop\nodejs-chat
21 error Windows_NT 10.0.15063
22 error argv "C:\\Program Files\\nodejs\\node.exe" "C:\\Program Files\\nodejs\\node_modules\\npm\\bin\\npm-cli.js" "start"
23 error node v6.11.3
24 error npm  v3.10.10
25 error code ELIFECYCLE
26 error nodejs-chat@1.0.0 start: `node server.js`
26 error Exit status 1
27 error Failed at the nodejs-chat@1.0.0 start script 'node server.js'.
27 error Make sure you have the latest version of node.js and npm installed.
27 error If you do, this is most likely a problem with the nodejs-chat package,
27 error not with npm itself.
27 error Tell the author that this fails on your system:
27 error     node server.js
27 error You can get information on how to open an issue for this project with:
27 error     npm bugs nodejs-chat
27 error Or if that isn't available, you can get their info via:
27 error     npm owner ls nodejs-chat
27 error There is likely additional logging output above.
28 verbose exit [ 1, true ]
